#
# A fatal error has been detected by the Java Runtime Environment:
#
#  SIGSEGV (0xb) at pc=0x010f4762, pid=28757, tid=3074952048
#
# JRE version: 6.0-b16
# Java VM: OpenJDK Client VM (14.0-b16 mixed mode, sharing linux-x86 )
# Distribution: Ubuntu 9.10, package 6b16-1.6.1-3ubuntu3
# Problematic frame:
# V  [libjvm.so+0x2fc762]
#
# If you would like to submit a bug report, please include
# instructions how to reproduce the bug and visit:
#   https://bugs.launchpad.net/ubuntu/+source/openjdk-6/
#

---------------  T H R E A D  ---------------

Current thread (0x080a6000):  JavaThread "CompilerThread0" daemon [_thread_in_vm, id=28765, stack(0xb7400000,0xb7481000)]

siginfo:si_signo=SIGSEGV: si_errno=0, si_code=1 (SEGV_MAPERR), si_addr=0x00000010

Registers:
EAX=0x00000000, EBX=0x01203ff4, ECX=0x01203ff4, EDX=0x00000500
ESP=0xb747f9f0, EBP=0xb747f9f8, ESI=0x00000500, EDI=0xb747faf0
EIP=0x010f4762, CR2=0x00000010, EFLAGS=0x00210286

Top of Stack: (sp=0xb747f9f0)
0xb747f9f0:   01203ff4 b747faac b747fa18 010f47bf
0xb747fa00:   00000500 01227760 00000000 010f478a
0xb747fa10:   01203ff4 b747fa80 b747fa58 010f5065
0xb747fa20:   b747faac b747faac 05bfa167 05bfa167
0xb747fa30:   b747fa80 b747faf0 b747fa58 b747faac
0xb747fa40:   b747faac 01227760 b747fdf0 01203ff4
0xb747fa50:   b747fa80 b747faf0 b747fad8 00f07ec5
0xb747fa60:   b747fa80 b747fdf0 b747faf0 00000000 

Instructions: (pc=0x010f4762)
0x010f4752:   39 c6 7d 1a 83 ec 0c 56 e8 71 72 02 00 83 c4 10
0x010f4762:   8b 40 10 8d 65 f8 5b 5e 5d c3 8d 74 26 00 8d 65 

Stack: [0xb7400000,0xb7481000],  sp=0xb747f9f0,  free space=510k
Native frames: (J=compiled Java code, j=interpreted, Vv=VM code, C=native code)
V  [libjvm.so+0x2fc762]
V  [libjvm.so+0x2fc7bf]
V  [libjvm.so+0x2fd065]
V  [libjvm.so+0x10fec5]
V  [libjvm.so+0x110821]
V  [libjvm.so+0x10d88f]
V  [libjvm.so+0x10da6b]
V  [libjvm.so+0x10e521]
V  [libjvm.so+0xcad81]
V  [libjvm.so+0xcae22]
V  [libjvm.so+0x37537]
V  [libjvm.so+0x74120]
V  [libjvm.so+0x740d7]
V  [libjvm.so+0x120842]
V  [libjvm.so+0x120f77]
V  [libjvm.so+0x3620b8]
V  [libjvm.so+0x36701c]
V  [libjvm.so+0x3670da]
V  [libjvm.so+0x2c6291]
C  [libpthread.so.0+0x580e]


Current CompileTask:
C1:  1      java.lang.String.hashCode()I (60 bytes)


---------------  P R O C E S S  ---------------

Java Threads: ( => current thread )
  0x080a9000 JavaThread "Low Memory Detector" daemon [_thread_blocked, id=28766, stack(0xb73af000,0xb7400000)]
=>0x080a6000 JavaThread "CompilerThread0" daemon [_thread_in_vm, id=28765, stack(0xb7400000,0xb7481000)]
  0x080a4400 JavaThread "Signal Dispatcher" daemon [_thread_blocked, id=28764, stack(0xb7481000,0xb74d2000)]
  0x0809b800 JavaThread "Finalizer" daemon [_thread_blocked, id=28763, stack(0xb7518000,0xb7569000)]
  0x0809a000 JavaThread "Reference Handler" daemon [_thread_blocked, id=28762, stack(0xb7569000,0xb75ba000)]
  0x0806b400 JavaThread "main" [_thread_in_vm, id=28760, stack(0xb7803000,0xb7854000)]

Other Threads:
  0x08098400 VMThread [stack: 0xb75ba000,0xb763b000] [id=28761]
  0x080ab000 WatcherThread [stack: 0x00000000,0x00000000] [id=28767]

VM state:not at safepoint (normal execution)

VM Mutex/Monitor currently owned by a thread:  ([mutex/lock_event])
[0x08068948] CodeCache_lock - owner thread: 0x080a6000

Heap
 def new generation   total 960K, used 202K [0x85b60000, 0x85c60000, 0x86f10000)
  eden space 896K,  22% used [0x85b60000, 0x85b92860, 0x85c40000)
  from space 64K,   0% used [0x85c40000, 0x85c40000, 0x85c50000)
  to   space 64K,   0% used [0x85c50000, 0x85c50000, 0x85c60000)
 tenured generation   total 4096K, used 0K [0x86f10000, 0x87310000, 0x95b60000)
   the space 4096K,   0% used [0x86f10000, 0x86f10000, 0x86f10200, 0x87310000)
 compacting perm gen  total 12288K, used 18K [0x95b60000, 0x96760000, 0x99b60000)
   the space 12288K,   0% used [0x95b60000, 0x95b649b8, 0x95b64a00, 0x96760000)
    ro space 8192K,  89% used [0x99b60000, 0x9a28e680, 0x9a28e800, 0x9a360000)
    rw space 12288K,  59% used [0x9a360000, 0x9aa8d1f8, 0x9aa8d200, 0x9af60000)

Dynamic libraries:
00110000-0024e000 r-xp 00000000 08:01 1974868    /lib/tls/i686/cmov/libc-2.10.1.so
0024e000-0024f000 ---p 0013e000 08:01 1974868    /lib/tls/i686/cmov/libc-2.10.1.so
0024f000-00251000 r--p 0013e000 08:01 1974868    /lib/tls/i686/cmov/libc-2.10.1.so
00251000-00252000 rw-p 00140000 08:01 1974868    /lib/tls/i686/cmov/libc-2.10.1.so
00252000-00255000 rw-p 00000000 00:00 0 
00255000-00257000 rwxp 00000000 00:00 0 
00257000-002d5000 rwxp 00000000 00:00 0 
002d5000-002d8000 rwxp 00000000 00:00 0 
002d8000-0034c000 rwxp 00000000 00:00 0 
0034c000-00353000 rwxp 00000000 00:00 0 
00353000-0036d000 rwxp 00000000 00:00 0 
0037e000-00380000 r-xp 00000000 08:01 1974871    /lib/tls/i686/cmov/libdl-2.10.1.so
00380000-00381000 r--p 00001000 08:01 1974871    /lib/tls/i686/cmov/libdl-2.10.1.so
00381000-00382000 rw-p 00002000 08:01 1974871    /lib/tls/i686/cmov/libdl-2.10.1.so
00383000-00384000 r-xp 00000000 00:00 0          [vdso]
00410000-00413000 r-xp 00000000 08:01 6819       /usr/lib/jvm/java-6-openjdk/jre/lib/i386/jli/libjli.so
00413000-00414000 r--p 00003000 08:01 6819       /usr/lib/jvm/java-6-openjdk/jre/lib/i386/jli/libjli.so
00414000-00415000 rw-p 00004000 08:01 6819       /usr/lib/jvm/java-6-openjdk/jre/lib/i386/jli/libjli.so
00420000-0042c000 r-xp 00000000 08:01 6847       /usr/lib/jvm/java-6-openjdk/jre/lib/i386/libverify.so
0042c000-0042d000 r--p 0000b000 08:01 6847       /usr/lib/jvm/java-6-openjdk/jre/lib/i386/libverify.so
0042d000-0042e000 rw-p 0000c000 08:01 6847       /usr/lib/jvm/java-6-openjdk/jre/lib/i386/libverify.so
0042e000-0042f000 rwxp 00000000 00:00 0 
0042f000-00437000 rwxp 00000000 00:00 0 
00437000-0043a000 rwxp 00000000 00:00 0 
0043a000-004ae000 rwxp 00000000 00:00 0 
004ae000-004b4000 rwxp 00000000 00:00 0 
004b4000-004ce000 rwxp 00000000 00:00 0 
004ce000-004d9000 rwxp 00000000 00:00 0 
0057f000-005a3000 r-xp 00000000 08:01 6831       /usr/lib/jvm/java-6-openjdk/jre/lib/i386/libjava.so
005a3000-005a4000 r--p 00023000 08:01 6831       /usr/lib/jvm/java-6-openjdk/jre/lib/i386/libjava.so
005a4000-005a6000 rw-p 00024000 08:01 6831       /usr/lib/jvm/java-6-openjdk/jre/lib/i386/libjava.so
00763000-0076a000 r-xp 00000000 08:01 6849       /usr/lib/jvm/java-6-openjdk/jre/lib/i386/native_threads/libhpi.so
0076a000-0076b000 r--p 00006000 08:01 6849       /usr/lib/jvm/java-6-openjdk/jre/lib/i386/native_threads/libhpi.so
0076b000-0076c000 rw-p 00007000 08:01 6849       /usr/lib/jvm/java-6-openjdk/jre/lib/i386/native_threads/libhpi.so
00776000-0079a000 r-xp 00000000 08:01 1974872    /lib/tls/i686/cmov/libm-2.10.1.so
0079a000-0079b000 r--p 00023000 08:01 1974872    /lib/tls/i686/cmov/libm-2.10.1.so
0079b000-0079c000 rw-p 00024000 08:01 1974872    /lib/tls/i686/cmov/libm-2.10.1.so
00807000-00811000 r-xp 00000000 08:01 1974877    /lib/tls/i686/cmov/libnss_files-2.10.1.so
00811000-00812000 r--p 00009000 08:01 1974877    /lib/tls/i686/cmov/libnss_files-2.10.1.so
00812000-00813000 rw-p 0000a000 08:01 1974877    /lib/tls/i686/cmov/libnss_files-2.10.1.so
00a88000-00a9b000 r-xp 00000000 08:01 1974874    /lib/tls/i686/cmov/libnsl-2.10.1.so
00a9b000-00a9c000 r--p 00012000 08:01 1974874    /lib/tls/i686/cmov/libnsl-2.10.1.so
00a9c000-00a9d000 rw-p 00013000 08:01 1974874    /lib/tls/i686/cmov/libnsl-2.10.1.so
00a9d000-00a9f000 rw-p 00000000 00:00 0 
00afc000-00b03000 r-xp 00000000 08:01 6848       /usr/lib/jvm/java-6-openjdk/jre/lib/i386/libzip.so
00b03000-00b04000 r--p 00006000 08:01 6848       /usr/lib/jvm/java-6-openjdk/jre/lib/i386/libzip.so
00b04000-00b05000 rw-p 00007000 08:01 6848       /usr/lib/jvm/java-6-openjdk/jre/lib/i386/libzip.so
00b19000-00b1f000 r-xp 00000000 08:01 1974875    /lib/tls/i686/cmov/libnss_compat-2.10.1.so
00b1f000-00b20000 r--p 00005000 08:01 1974875    /lib/tls/i686/cmov/libnss_compat-2.10.1.so
00b20000-00b21000 rw-p 00006000 08:01 1974875    /lib/tls/i686/cmov/libnss_compat-2.10.1.so
00baf000-00bc4000 r-xp 00000000 08:01 1974882    /lib/tls/i686/cmov/libpthread-2.10.1.so
00bc4000-00bc5000 r--p 00014000 08:01 1974882    /lib/tls/i686/cmov/libpthread-2.10.1.so
00bc5000-00bc6000 rw-p 00015000 08:01 1974882    /lib/tls/i686/cmov/libpthread-2.10.1.so
00bc6000-00bc8000 rw-p 00000000 00:00 0 
00c07000-00c0e000 r-xp 00000000 08:01 1974884    /lib/tls/i686/cmov/librt-2.10.1.so
00c0e000-00c0f000 r--p 00006000 08:01 1974884    /lib/tls/i686/cmov/librt-2.10.1.so
00c0f000-00c10000 rw-p 00007000 08:01 1974884    /lib/tls/i686/cmov/librt-2.10.1.so
00c48000-00c51000 r-xp 00000000 08:01 1974879    /lib/tls/i686/cmov/libnss_nis-2.10.1.so
00c51000-00c52000 r--p 00008000 08:01 1974879    /lib/tls/i686/cmov/libnss_nis-2.10.1.so
00c52000-00c53000 rw-p 00009000 08:01 1974879    /lib/tls/i686/cmov/libnss_nis-2.10.1.so
00cb7000-00cbe000 rwxp 00000000 00:00 0 
00cd5000-00ce9000 r-xp 00000000 08:01 1255       /lib/libz.so.1.2.3.3
00ce9000-00cea000 r--p 00013000 08:01 1255       /lib/libz.so.1.2.3.3
00cea000-00ceb000 rw-p 00014000 08:01 1255       /lib/libz.so.1.2.3.3
00d90000-00d95000 rwxp 00000000 00:00 0 
00ddb000-00df6000 r-xp 00000000 08:01 5962       /lib/ld-2.10.1.so
00df6000-00df7000 r--p 0001a000 08:01 5962       /lib/ld-2.10.1.so
00df7000-00df8000 rw-p 0001b000 08:01 5962       /lib/ld-2.10.1.so
00df8000-011ed000 r-xp 00000000 08:01 6816       /usr/lib/jvm/java-6-openjdk/jre/lib/i386/client/libjvm.so
011ed000-011ee000 ---p 003f5000 08:01 6816       /usr/lib/jvm/java-6-openjdk/jre/lib/i386/client/libjvm.so
011ee000-01204000 r--p 003f5000 08:01 6816       /usr/lib/jvm/java-6-openjdk/jre/lib/i386/client/libjvm.so
01204000-01210000 rw-p 0040b000 08:01 6816       /usr/lib/jvm/java-6-openjdk/jre/lib/i386/client/libjvm.so
01210000-01630000 rw-p 00000000 00:00 0 
05b87000-05bff000 rwxp 00000000 00:00 0 
05bff000-07b87000 rwxp 00000000 00:00 0 
08048000-08051000 r-xp 00000000 08:01 6871       /usr/lib/jvm/java-6-openjdk/jre/bin/java
08051000-08052000 r--p 00008000 08:01 6871       /usr/lib/jvm/java-6-openjdk/jre/bin/java
08052000-08053000 rw-p 00009000 08:01 6871       /usr/lib/jvm/java-6-openjdk/jre/bin/java
08065000-080cf000 rw-p 00000000 00:00 0          [heap]
85b60000-85c60000 rwxp 00000000 00:00 0 
85c60000-86f10000 rwxp 00000000 00:00 0 
86f10000-87310000 rwxp 00000000 00:00 0 
87310000-95b60000 rwxp 00000000 00:00 0 
95b60000-96760000 rwxp 00000000 00:00 0 
96760000-99b60000 rwxp 00000000 00:00 0 
99b60000-9a28f000 r--s 00001000 08:01 6795       /usr/lib/jvm/java-6-openjdk/jre/lib/i386/client/classes.jsa
9a28f000-9a360000 rwxp 00000000 00:00 0 
9a360000-9aa8e000 rw-p 00730000 08:01 6795       /usr/lib/jvm/java-6-openjdk/jre/lib/i386/client/classes.jsa
9aa8e000-9af60000 rwxp 00000000 00:00 0 
9af60000-9b059000 rw-p 00e5e000 08:01 6795       /usr/lib/jvm/java-6-openjdk/jre/lib/i386/client/classes.jsa
9b059000-9b360000 rwxp 00000000 00:00 0 
9b360000-9b368000 r-xs 00f57000 08:01 6795       /usr/lib/jvm/java-6-openjdk/jre/lib/i386/client/classes.jsa
9b368000-9b760000 rwxp 00000000 00:00 0 
b732e000-b732f000 ---p 00000000 00:00 0 
b732f000-b73af000 rw-p 00000000 00:00 0 
b73af000-b73b2000 ---p 00000000 00:00 0 
b73b2000-b7400000 rw-p 00000000 00:00 0 
b7400000-b7403000 ---p 00000000 00:00 0 
b7403000-b7481000 rw-p 00000000 00:00 0 
b7481000-b7484000 ---p 00000000 00:00 0 
b7484000-b74d2000 rw-p 00000000 00:00 0 
b74d2000-b74d9000 r--s 00000000 08:01 393791     /usr/lib/gconv/gconv-modules.cache
b74d9000-b7518000 r--p 00000000 08:01 1049477    /usr/lib/locale/en_US.utf8/LC_CTYPE
b7518000-b751b000 ---p 00000000 00:00 0 
b751b000-b7569000 rw-p 00000000 00:00 0 
b7569000-b756c000 ---p 00000000 00:00 0 
b756c000-b75ba000 rw-p 00000000 00:00 0 
b75ba000-b75bb000 ---p 00000000 00:00 0 
b75bb000-b766e000 rw-p 00000000 00:00 0 
b766e000-b7803000 r--s 038eb000 08:01 6814       /usr/lib/jvm/java-6-openjdk/jre/lib/rt.jar
b7803000-b7806000 ---p 00000000 00:00 0 
b7806000-b7857000 rw-p 00000000 00:00 0 
b7857000-b7860000 r--s 00065000 08:01 262208     /usr/share/java/gnome-java-bridge.jar
b7860000-b7868000 rw-s 00000000 08:01 3278633    /tmp/hsperfdata_noah/28757
b7868000-b7869000 rw-p 00000000 00:00 0 
b7869000-b786a000 r--p 00000000 00:00 0 
b786a000-b786c000 rw-p 00000000 00:00 0 
bfb8e000-bfba3000 rw-p 00000000 00:00 0          [stack]

VM Arguments:
jvm_args: -Xmx256m 
java_command: org.infinitest.testrunner.TestRunnerProcess org.infinitest.testrunner.JUnit4Runner 52237
Launcher Type: SUN_STANDARD

Environment Variables:
PATH=/usr/local/sbin:/usr/local/bin:/usr/sbin:/usr/bin:/sbin:/bin:/usr/games
USERNAME=noah
LD_LIBRARY_PATH=/usr/lib/jvm/java-6-openjdk/jre/lib/i386/client:/usr/lib/jvm/java-6-openjdk/jre/lib/i386:/usr/lib/jvm/java-6-openjdk/jre/../lib/i386:/usr/lib/jvm/java-6-openjdk/jre/lib/i386/client:/usr/lib/jvm/java-6-openjdk/jre/lib/i386:/usr/lib/xulrunner-1.9.1.9:/usr/lib/xulrunner-addons:/usr/lib/xulrunner-addons
SHELL=/bin/bash
DISPLAY=:0.0

Signal Handlers:
SIGSEGV: [libjvm.so+0x393ce0], sa_mask[0]=0x7ffbfeff, sa_flags=0x10000004
SIGBUS: [libjvm.so+0x393ce0], sa_mask[0]=0x7ffbfeff, sa_flags=0x10000004
SIGFPE: [libjvm.so+0x2c2be0], sa_mask[0]=0x7ffbfeff, sa_flags=0x10000004
SIGPIPE: [libjvm.so+0x2c2be0], sa_mask[0]=0x7ffbfeff, sa_flags=0x10000004
SIGXFSZ: [libjvm.so+0x2c2be0], sa_mask[0]=0x7ffbfeff, sa_flags=0x10000004
SIGILL: [libjvm.so+0x2c2be0], sa_mask[0]=0x7ffbfeff, sa_flags=0x10000004
SIGUSR1: SIG_DFL, sa_mask[0]=0x00000000, sa_flags=0x00000000
SIGUSR2: [libjvm.so+0x2c22c0], sa_mask[0]=0x00000004, sa_flags=0x10000004
SIGHUP: [libjvm.so+0x2c4970], sa_mask[0]=0x7ffbfeff, sa_flags=0x10000004
SIGINT: [libjvm.so+0x2c4970], sa_mask[0]=0x7ffbfeff, sa_flags=0x10000004
SIGTERM: [libjvm.so+0x2c4970], sa_mask[0]=0x7ffbfeff, sa_flags=0x10000004
SIGQUIT: [libjvm.so+0x2c4970], sa_mask[0]=0x7ffbfeff, sa_flags=0x10000004


---------------  S Y S T E M  ---------------

OS:Ubuntu 9.10 (karmic)
uname:Linux 2.6.31-20-generic #58-Ubuntu SMP Fri Mar 12 05:23:09 UTC 2010 i686
libc:glibc 2.10.1 NPTL 2.10.1 
rlimit: STACK 8192k, CORE 0k, NPROC infinity, NOFILE 1024, AS infinity
load average:0.02 0.17 0.28

CPU:total 1 (1 cores per cpu, 1 threads per core) family 6 model 23 stepping 10, cmov, cx8, fxsr, mmx, sse, sse2, sse3, ssse3, sse4.1

Memory: 4k page, physical 3026324k(1341196k free), swap 8867840k(8669912k free)

vm_info: OpenJDK Client VM (14.0-b16) for linux-x86 JRE (1.6.0_0-b16), built on Apr  4 2010 20:02:50 by "buildd" with gcc 4.4.1

time: Sat Jan 29 18:23:12 2011
elapsed time: 0 seconds

